app/build/intermediates/manifest_merge_blame_file/debug/manifest-merger-blame-debug-report.txt
1<?xml version="1.0" encoding="utf-8"?>
2<manifest xmlns:android="http://schemas.android.com/apk/res/android"
3    package="com.example.imageclassification"
4    android:versionCode="1"
5    android:versionName="1.0" >
6
7    <uses-sdk
8        android:minSdkVersion="16"
8-->src\main\AndroidManifest.xml
9        android:targetSdkVersion="30" />
9-->src\main\AndroidManifest.xml
10
11    <uses-permission android:name="android.permission.WRITE_EXTERNAL_STORAGE" />
11-->src\main\AndroidManifest.xml:5:5-81
11-->src\main\AndroidManifest.xml:5:22-78
12    <uses-permission android:name="android.permission.CAMERA" />
12-->src\main\AndroidManifest.xml:6:5-65
12-->src\main\AndroidManifest.xml:6:22-62
13    <uses-permission android:name="android.permission.INTERNET" />
13-->src\main\AndroidManifest.xml:7:5-67
13-->src\main\AndroidManifest.xml:7:22-64
14
15    <application
15-->src\main\AndroidManifest.xml:9:5-26:19
16        android:allowBackup="true"
16-->src\main\AndroidManifest.xml:10:9-35
17        android:appComponentFactory="androidx.core.app.CoreComponentFactory"
17-->[androidx.core:core:1.3.1] AndroidManifest.xml:24:18-86
18        android:debuggable="true"
19        android:icon="@mipmap/ic_launcher"
19-->src\main\AndroidManifest.xml:11:9-43
20        android:label="@string/app_name"
20-->src\main\AndroidManifest.xml:12:9-41
21        android:roundIcon="@mipmap/ic_launcher_round"
21-->src\main\AndroidManifest.xml:13:9-54
22        android:supportsRtl="true"
22-->src\main\AndroidManifest.xml:14:9-35
23        android:testOnly="true"
24        android:theme="@style/Theme.ImageClassification" >
24-->src\main\AndroidManifest.xml:15:9-57
25        <activity
25-->src\main\AndroidManifest.xml:16:9-18:40
26            android:name="com.example.imageclassification.MainActivity2"
26-->src\main\AndroidManifest.xml:17:13-42
27            android:exported="false" />
27-->src\main\AndroidManifest.xml:18:13-37
28        <activity android:name="com.example.imageclassification.MainActivity" >
28-->src\main\AndroidManifest.xml:19:9-25:20
28-->src\main\AndroidManifest.xml:19:19-47
29            <intent-filter>
29-->src\main\AndroidManifest.xml:20:13-24:29
30                <action android:name="android.intent.action.MAIN" />
30-->src\main\AndroidManifest.xml:21:17-69
30-->src\main\AndroidManifest.xml:21:25-66
31
32                <category android:name="android.intent.category.LAUNCHER" />
32-->src\main\AndroidManifest.xml:23:17-77
32-->src\main\AndroidManifest.xml:23:27-74
33            </intent-filter>
34        </activity>
35
36        <service
36-->[com.google.mlkit:smart-reply:16.1.1] AndroidManifest.xml:23:9-32:19
37            android:name="com.google.mlkit.common.internal.MlKitComponentDiscoveryService"
37-->[com.google.mlkit:smart-reply:16.1.1] AndroidManifest.xml:24:13-91
38            android:directBootAware="true"
38-->[com.google.mlkit:common:17.0.0] AndroidManifest.xml:17:13-43
39            android:exported="false" >
39-->[com.google.mlkit:smart-reply:16.1.1] AndroidManifest.xml:25:13-37
40            <meta-data
40-->[com.google.mlkit:smart-reply:16.1.1] AndroidManifest.xml:26:13-28:85
41                android:name="com.google.firebase.components:com.google.mlkit.nl.smartreply.component.SmartReplyComponentRegistrar"
41-->[com.google.mlkit:smart-reply:16.1.1] AndroidManifest.xml:27:17-132
42                android:value="com.google.firebase.components.ComponentRegistrar" />
42-->[com.google.mlkit:smart-reply:16.1.1] AndroidManifest.xml:28:17-82
43            <meta-data
43-->[com.google.mlkit:smart-reply:16.1.1] AndroidManifest.xml:29:13-31:85
44                android:name="com.google.firebase.components:com.google.mlkit.nl.smartreply.component.RemoteConfigRegistrar"
44-->[com.google.mlkit:smart-reply:16.1.1] AndroidManifest.xml:30:17-125
45                android:value="com.google.firebase.components.ComponentRegistrar" />
45-->[com.google.mlkit:smart-reply:16.1.1] AndroidManifest.xml:31:17-82
46            <meta-data
46-->[com.google.mlkit:language-id:16.1.1] AndroidManifest.xml:11:13-13:85
47                android:name="com.google.firebase.components:com.google.mlkit.nl.languageid.LanguageIdRegistrar"
47-->[com.google.mlkit:language-id:16.1.1] AndroidManifest.xml:12:17-113
48                android:value="com.google.firebase.components.ComponentRegistrar" />
48-->[com.google.mlkit:language-id:16.1.1] AndroidManifest.xml:13:17-82
49            <meta-data
49-->[com.google.mlkit:common:17.0.0] AndroidManifest.xml:20:13-22:85
50                android:name="com.google.firebase.components:com.google.mlkit.common.internal.CommonComponentRegistrar"
50-->[com.google.mlkit:common:17.0.0] AndroidManifest.xml:21:17-120
51                android:value="com.google.firebase.components.ComponentRegistrar" />
51-->[com.google.mlkit:common:17.0.0] AndroidManifest.xml:22:17-82
52        </service>
53
54        <provider
54-->[com.google.mlkit:common:17.0.0] AndroidManifest.xml:9:9-13:38
55            android:name="com.google.mlkit.common.internal.MlKitInitProvider"
55-->[com.google.mlkit:common:17.0.0] AndroidManifest.xml:10:13-78
56            android:authorities="com.example.imageclassification.mlkitinitprovider"
56-->[com.google.mlkit:common:17.0.0] AndroidManifest.xml:11:13-69
57            android:exported="false"
57-->[com.google.mlkit:common:17.0.0] AndroidManifest.xml:12:13-37
58            android:initOrder="99" />
58-->[com.google.mlkit:common:17.0.0] AndroidManifest.xml:13:13-35
59
60        <activity
60-->[com.google.android.gms:play-services-base:17.0.0] AndroidManifest.xml:23:9-26:75
61            android:name="com.google.android.gms.common.api.GoogleApiActivity"
61-->[com.google.android.gms:play-services-base:17.0.0] AndroidManifest.xml:24:13-79
62            android:exported="false"
62-->[com.google.android.gms:play-services-base:17.0.0] AndroidManifest.xml:25:13-37
63            android:theme="@android:style/Theme.Translucent.NoTitleBar" />
63-->[com.google.android.gms:play-services-base:17.0.0] AndroidManifest.xml:26:13-72
64
65        <meta-data
65-->[com.google.android.gms:play-services-basement:17.0.0] AndroidManifest.xml:23:9-25:69
66            android:name="com.google.android.gms.version"
66-->[com.google.android.gms:play-services-basement:17.0.0] AndroidManifest.xml:24:13-58
67            android:value="@integer/google_play_services_version" />
67-->[com.google.android.gms:play-services-basement:17.0.0] AndroidManifest.xml:25:13-66
68    </application>
69
70</manifest>